# JRE version: Java(TM) SE Runtime Environment (8.0_201-b09) (build 1.8.0_201-b09)
# Java VM: Java HotSpot(TM) 64-Bit Server VM (25.201-b09 mixed mode windows-amd64 compressed oops)
Heap:
 PSYoungGen      total 243200K, used 30995K [0x00000000d6c00000, 0x00000000e8e80000, 0x0000000100000000)
  eden space 221696K, 4% used [0x00000000d6c00000,0x00000000d7546018,0x00000000e4480000)
  from space 21504K, 99% used [0x00000000e7980000,0x00000000e8e7ed98,0x00000000e8e80000)
  to   space 18944K, 0% used [0x00000000e4480000,0x00000000e4480000,0x00000000e5700000)
 ParOldGen       total 97792K, used 27821K [0x0000000084400000, 0x000000008a380000, 0x00000000d6c00000)
  object space 97792K, 28% used [0x0000000084400000,0x0000000085f2b438,0x000000008a380000)
 Metaspace       used 54900K, capacity 57308K, committed 57472K, reserved 1099776K
  class space    used 7057K, capacity 7504K, committed 7552K, reserved 1048576K
GC Heap History (10 events):
Event: 6.972 GC heap before
{Heap before GC invocations=12 (full 2):
 PSYoungGen      total 181760K, used 167936K [0x00000000d6c00000, 0x00000000e6d00000, 0x0000000100000000)
  eden space 167936K, 100% used [0x00000000d6c00000,0x00000000e1000000,0x00000000e1000000)
  from space 13824K, 0% used [0x00000000e1000000,0x00000000e1000000,0x00000000e1d80000)
  to   space 17920K, 0% used [0x00000000e5b80000,0x00000000e5b80000,0x00000000e6d00000)
 ParOldGen       total 97792K, used 25535K [0x0000000084400000, 0x000000008a380000, 0x00000000d6c00000)
  object space 97792K, 26% used [0x0000000084400000,0x0000000085cefdf0,0x000000008a380000)
 Metaspace       used 41808K, capacity 43510K, committed 43648K, reserved 1087488K
  class space    used 5629K, capacity 5961K, committed 6016K, reserved 1048576K
Event: 6.982 GC heap after
Heap after GC invocations=12 (full 2):
 PSYoungGen      total 222720K, used 13876K [0x00000000d6c00000, 0x00000000e6980000, 0x0000000100000000)
  eden space 208384K, 0% used [0x00000000d6c00000,0x00000000d6c00000,0x00000000e3780000)
  from space 14336K, 96% used [0x00000000e5b80000,0x00000000e690d2a0,0x00000000e6980000)
  to   space 18944K, 0% used [0x00000000e4480000,0x00000000e4480000,0x00000000e5700000)
 ParOldGen       total 97792K, used 25543K [0x0000000084400000, 0x000000008a380000, 0x00000000d6c00000)
  object space 97792K, 26% used [0x0000000084400000,0x0000000085cf1df0,0x000000008a380000)
 Metaspace       used 41808K, capacity 43510K, committed 43648K, reserved 1087488K
  class space    used 5629K, capacity 5961K, committed 6016K, reserved 1048576K
}
Event: 8.797 GC heap before
{Heap before GC invocations=13 (full 2):
 PSYoungGen      total 222720K, used 222260K [0x00000000d6c00000, 0x00000000e6980000, 0x0000000100000000)
  eden space 208384K, 100% used [0x00000000d6c00000,0x00000000e3780000,0x00000000e3780000)
  from space 14336K, 96% used [0x00000000e5b80000,0x00000000e690d2a0,0x00000000e6980000)
  to   space 18944K, 0% used [0x00000000e4480000,0x00000000e4480000,0x00000000e5700000)
 ParOldGen       total 97792K, used 25543K [0x0000000084400000, 0x000000008a380000, 0x00000000d6c00000)
  object space 97792K, 26% used [0x0000000084400000,0x0000000085cf1df0,0x000000008a380000)
 Metaspace       used 49701K, capacity 51742K, committed 51840K, reserved 1093632K
  class space    used 6583K, capacity 6997K, committed 7040K, reserved 1048576K
Event: 8.810 GC heap after
Heap after GC invocations=13 (full 2):
 PSYoungGen      total 240640K, used 18464K [0x00000000d6c00000, 0x00000000e8e80000, 0x0000000100000000)
  eden space 221696K, 0% used [0x00000000d6c00000,0x00000000d6c00000,0x00000000e4480000)
  from space 18944K, 97% used [0x00000000e4480000,0x00000000e5688008,0x00000000e5700000)
  to   space 21504K, 0% used [0x00000000e7980000,0x00000000e7980000,0x00000000e8e80000)
 ParOldGen       total 97792K, used 25551K [0x0000000084400000, 0x000000008a380000, 0x00000000d6c00000)
  object space 97792K, 26% used [0x0000000084400000,0x0000000085cf3df0,0x000000008a380000)
 Metaspace       used 49701K, capacity 51742K, committed 51840K, reserved 1093632K
  class space    used 6583K, capacity 6997K, committed 7040K, reserved 1048576K
}
Event: 9.294 GC heap before
{Heap before GC invocations=14 (full 2):
 PSYoungGen      total 240640K, used 240160K [0x00000000d6c00000, 0x00000000e8e80000, 0x0000000100000000)
  eden space 221696K, 100% used [0x00000000d6c00000,0x00000000e4480000,0x00000000e4480000)
  from space 18944K, 97% used [0x00000000e4480000,0x00000000e5688008,0x00000000e5700000)
  to   space 21504K, 0% used [0x00000000e7980000,0x00000000e7980000,0x00000000e8e80000)
 ParOldGen       total 97792K, used 25551K [0x0000000084400000, 0x000000008a380000, 0x00000000d6c00000)
  object space 97792K, 26% used [0x0000000084400000,0x0000000085cf3df0,0x000000008a380000)
 Metaspace       used 51237K, capacity 53424K, committed 53632K, reserved 1095680K
  class space    used 6783K, capacity 7216K, committed 7296K, reserved 1048576K
Event: 9.305 GC heap after
Heap after GC invocations=14 (full 2):
 PSYoungGen      total 243200K, used 17565K [0x00000000d6c00000, 0x00000000e8e80000, 0x0000000100000000)
  eden space 221696K, 0% used [0x00000000d6c00000,0x00000000d6c00000,0x00000000e4480000)
  from space 21504K, 81% used [0x00000000e7980000,0x00000000e8aa74f8,0x00000000e8e80000)
  to   space 18944K, 0% used [0x00000000e4480000,0x00000000e4480000,0x00000000e5700000)
 ParOldGen       total 97792K, used 25567K [0x0000000084400000, 0x000000008a380000, 0x00000000d6c00000)
  object space 97792K, 26% used [0x0000000084400000,0x0000000085cf7e08,0x000000008a380000)
 Metaspace       used 51237K, capacity 53424K, committed 53632K, reserved 1095680K
  class space    used 6783K, capacity 7216K, committed 7296K, reserved 1048576K
}
Event: 9.661 GC heap before
{Heap before GC invocations=15 (full 2):
 PSYoungGen      total 243200K, used 239261K [0x00000000d6c00000, 0x00000000e8e80000, 0x0000000100000000)
  eden space 221696K, 100% used [0x00000000d6c00000,0x00000000e4480000,0x00000000e4480000)
  from space 21504K, 81% used [0x00000000e7980000,0x00000000e8aa74f8,0x00000000e8e80000)
  to   space 18944K, 0% used [0x00000000e4480000,0x00000000e4480000,0x00000000e5700000)
 ParOldGen       total 97792K, used 25567K [0x0000000084400000, 0x000000008a380000, 0x00000000d6c00000)
  object space 97792K, 26% used [0x0000000084400000,0x0000000085cf7e08,0x000000008a380000)
 Metaspace       used 51577K, capacity 53760K, committed 53888K, reserved 1095680K
  class space    used 6810K, capacity 7230K, committed 7296K, reserved 1048576K
Event: 9.670 GC heap after
Heap after GC invocations=15 (full 2):
 PSYoungGen      total 240640K, used 18725K [0x00000000d6c00000, 0x00000000e8e80000, 0x0000000100000000)
  eden space 221696K, 0% used [0x00000000d6c00000,0x00000000d6c00000,0x00000000e4480000)
  from space 18944K, 98% used [0x00000000e4480000,0x00000000e56c9598,0x00000000e5700000)
  to   space 21504K, 0% used [0x00000000e7980000,0x00000000e7980000,0x00000000e8e80000)
 ParOldGen       total 97792K, used 25575K [0x0000000084400000, 0x000000008a380000, 0x00000000d6c00000)
  object space 97792K, 26% used [0x0000000084400000,0x0000000085cf9e08,0x000000008a380000)
 Metaspace       used 51577K, capacity 53760K, committed 53888K, reserved 1095680K
  class space    used 6810K, capacity 7230K, committed 7296K, reserved 1048576K
}
Event: 10.926 GC heap before
{Heap before GC invocations=16 (full 2):
 PSYoungGen      total 240640K, used 240421K [0x00000000d6c00000, 0x00000000e8e80000, 0x0000000100000000)
  eden space 221696K, 100% used [0x00000000d6c00000,0x00000000e4480000,0x00000000e4480000)
  from space 18944K, 98% used [0x00000000e4480000,0x00000000e56c9598,0x00000000e5700000)
  to   space 21504K, 0% used [0x00000000e7980000,0x00000000e7980000,0x00000000e8e80000)
 ParOldGen       total 97792K, used 25575K [0x0000000084400000, 0x000000008a380000, 0x00000000d6c00000)
  object space 97792K, 26% used [0x0000000084400000,0x0000000085cf9e08,0x000000008a380000)
 Metaspace       used 54693K, capacity 57116K, committed 57216K, reserved 1099776K
  class space    used 7034K, capacity 7504K, committed 7552K, reserved 1048576K
Event: 10.938 GC heap after
Heap after GC invocations=16 (full 2):
 PSYoungGen      total 243200K, used 21499K [0x00000000d6c00000, 0x00000000e8e80000, 0x0000000100000000)
  eden space 221696K, 0% used [0x00000000d6c00000,0x00000000d6c00000,0x00000000e4480000)
  from space 21504K, 99% used [0x00000000e7980000,0x00000000e8e7ed98,0x00000000e8e80000)
  to   space 18944K, 0% used [0x00000000e4480000,0x00000000e4480000,0x00000000e5700000)
 ParOldGen       total 97792K, used 27821K [0x0000000084400000, 0x000000008a380000, 0x00000000d6c00000)
  object space 97792K, 28% used [0x0000000084400000,0x0000000085f2b438,0x000000008a380000)
 Metaspace       used 54693K, capacity 57116K, committed 57216K, reserved 1099776K
  class space    used 7034K, capacity 7504K, committed 7552K, reserved 1048576K
}

